<?xml version="1.0" encoding="UTF-8"?>
<!-- Generated by org.testng.reporters.JUnitReportReporter -->
<testsuite hostname="INLEN8520070112" failures="0" tests="6" name="runner.CucumberRunnerTests" time="0.127" errors="0" timestamp="2024-05-20T16:53:33 IST" skipped="0">
  <testcase classname="runner.CucumberRunnerTests" name="runScenario" time="0.110"/>
  <system-out/>
  <testcase classname="runner.CucumberRunnerTests" name="runScenario" time="0.003"/>
  <system-out/>
  <testcase classname="runner.CucumberRunnerTests" name="runScenario" time="0.003"/>
  <system-out/>
  <testcase classname="runner.CucumberRunnerTests" name="runScenario" time="0.004"/>
  <system-out/>
  <testcase classname="runner.CucumberRunnerTests" name="runScenario" time="0.004"/>
  <system-out/>
  <testcase classname="runner.CucumberRunnerTests" name="runScenario" time="0.003"/>
  <system-out/>
</testsuite> <!-- runner.CucumberRunnerTests -->
